Determining if the pthread_create exist failed with the following output:
Change Dir: /home/rtp/rtp/GNU-Radio/gr-CARES/build/CMakeFiles/CMakeTmp

Run Build Command:"/usr/bin/make" "cmTC_3ff78/fast"
/usr/bin/make -f CMakeFiles/cmTC_3ff78.dir/build.make CMakeFiles/cmTC_3ff78.dir/build
make[1]: Entering directory '/home/rtp/rtp/GNU-Radio/gr-CARES/build/CMakeFiles/CMakeTmp'
Building C object CMakeFiles/cmTC_3ff78.dir/CheckSymbolExists.c.o
/usr/bin/cc   -std=gnu11 -o CMakeFiles/cmTC_3ff78.dir/CheckSymbolExists.c.o   -c /home/rtp/rtp/GNU-Radio/gr-CARES/build/CMakeFiles/CMakeTmp/CheckSymbolExists.c
Linking C executable cmTC_3ff78
/usr/bin/cmake -E cmake_link_script CMakeFiles/cmTC_3ff78.dir/link.txt --verbose=1
/usr/bin/cc      CMakeFiles/cmTC_3ff78.dir/CheckSymbolExists.c.o  -o cmTC_3ff78 
CMakeFiles/cmTC_3ff78.dir/CheckSymbolExists.c.o: In function `main':
CheckSymbolExists.c:(.text+0x1b): undefined reference to `pthread_create'
collect2: error: ld returned 1 exit status
CMakeFiles/cmTC_3ff78.dir/build.make:97: recipe for target 'cmTC_3ff78' failed
make[1]: *** [cmTC_3ff78] Error 1
make[1]: Leaving directory '/home/rtp/rtp/GNU-Radio/gr-CARES/build/CMakeFiles/CMakeTmp'
Makefile:126: recipe for target 'cmTC_3ff78/fast' failed
make: *** [cmTC_3ff78/fast] Error 2

File /home/rtp/rtp/GNU-Radio/gr-CARES/build/CMakeFiles/CMakeTmp/CheckSymbolExists.c:
/* */
#include <pthread.h>

int main(int argc, char** argv)
{
  (void)argv;
#ifndef pthread_create
  return ((int*)(&pthread_create))[argc];
#else
  (void)argc;
  return 0;
#endif
}

Determining if the function pthread_create exists in the pthreads failed with the following output:
Change Dir: /home/rtp/rtp/GNU-Radio/gr-CARES/build/CMakeFiles/CMakeTmp

Run Build Command:"/usr/bin/make" "cmTC_bf9ac/fast"
/usr/bin/make -f CMakeFiles/cmTC_bf9ac.dir/build.make CMakeFiles/cmTC_bf9ac.dir/build
make[1]: Entering directory '/home/rtp/rtp/GNU-Radio/gr-CARES/build/CMakeFiles/CMakeTmp'
Building C object CMakeFiles/cmTC_bf9ac.dir/CheckFunctionExists.c.o
/usr/bin/cc   -DCHECK_FUNCTION_EXISTS=pthread_create   -std=gnu11 -o CMakeFiles/cmTC_bf9ac.dir/CheckFunctionExists.c.o   -c /usr/share/cmake-3.10/Modules/CheckFunctionExists.c
Linking C executable cmTC_bf9ac
/usr/bin/cmake -E cmake_link_script CMakeFiles/cmTC_bf9ac.dir/link.txt --verbose=1
/usr/bin/cc  -DCHECK_FUNCTION_EXISTS=pthread_create    CMakeFiles/cmTC_bf9ac.dir/CheckFunctionExists.c.o  -o cmTC_bf9ac -lpthreads 
/usr/bin/ld: cannot find -lpthreads
collect2: error: ld returned 1 exit status
CMakeFiles/cmTC_bf9ac.dir/build.make:97: recipe for target 'cmTC_bf9ac' failed
make[1]: *** [cmTC_bf9ac] Error 1
make[1]: Leaving directory '/home/rtp/rtp/GNU-Radio/gr-CARES/build/CMakeFiles/CMakeTmp'
Makefile:126: recipe for target 'cmTC_bf9ac/fast' failed
make: *** [cmTC_bf9ac/fast] Error 2


